<?xml version="1.0" encoding="UTF-8"?>
<testsuite name="com.example.projectSenha.service.SenhaServiceTest" tests="8" skipped="0" failures="0" errors="0" timestamp="2023-01-30T20:01:37" hostname="virtual" time="0.401">
  <properties/>
  <testcase name="deveAprovarSenha()" classname="com.example.projectSenha.service.SenhaServiceTest" time="0.368"/>
  <testcase name="deveReprovarEspacoBrancoSenha()" classname="com.example.projectSenha.service.SenhaServiceTest" time="0.004"/>
  <testcase name="deveReprovarSenhaSemLetra()" classname="com.example.projectSenha.service.SenhaServiceTest" time="0.003"/>
  <testcase name="deveReprovarSenhaSemCaractereEspecial()" classname="com.example.projectSenha.service.SenhaServiceTest" time="0.002"/>
  <testcase name="deveReprovarSenhaSemNumero()" classname="com.example.projectSenha.service.SenhaServiceTest" time="0.003"/>
  <testcase name="deveReprovarCaractereRepetidoSenha()" classname="com.example.projectSenha.service.SenhaServiceTest" time="0.003"/>
  <testcase name="deveReprovarSenhaMenorQueNove()" classname="com.example.projectSenha.service.SenhaServiceTest" time="0.003"/>
  <testcase name="deveReprovarSenhaVazio()" classname="com.example.projectSenha.service.SenhaServiceTest" time="0.003"/>
  <system-out><![CDATA[17:01:34.134 [Test worker] DEBUG org.springframework.test.context.BootstrapUtils - Instantiating CacheAwareContextLoaderDelegate from class [org.springframework.test.context.cache.DefaultCacheAwareContextLoaderDelegate]
17:01:34.143 [Test worker] DEBUG org.springframework.test.context.BootstrapUtils - Instantiating BootstrapContext using constructor [public org.springframework.test.context.support.DefaultBootstrapContext(java.lang.Class,org.springframework.test.context.CacheAwareContextLoaderDelegate)]
17:01:34.186 [Test worker] DEBUG org.springframework.test.context.BootstrapUtils - Instantiating TestContextBootstrapper for test class [com.example.projectSenha.service.SenhaServiceTest] from class [org.springframework.boot.test.context.SpringBootTestContextBootstrapper]
17:01:34.194 [Test worker] INFO org.springframework.boot.test.context.SpringBootTestContextBootstrapper - Neither @ContextConfiguration nor @ContextHierarchy found for test class [com.example.projectSenha.service.SenhaServiceTest], using SpringBootContextLoader
17:01:34.197 [Test worker] DEBUG org.springframework.test.context.support.AbstractContextLoader - Did not detect default resource location for test class [com.example.projectSenha.service.SenhaServiceTest]: class path resource [com/example/projectSenha/service/SenhaServiceTest-context.xml] does not exist
17:01:34.198 [Test worker] DEBUG org.springframework.test.context.support.AbstractContextLoader - Did not detect default resource location for test class [com.example.projectSenha.service.SenhaServiceTest]: class path resource [com/example/projectSenha/service/SenhaServiceTestContext.groovy] does not exist
17:01:34.198 [Test worker] INFO org.springframework.test.context.support.AbstractContextLoader - Could not detect default resource locations for test class [com.example.projectSenha.service.SenhaServiceTest]: no resource found for suffixes {-context.xml, Context.groovy}.
17:01:34.199 [Test worker] INFO org.springframework.test.context.support.AnnotationConfigContextLoaderUtils - Could not detect default configuration classes for test class [com.example.projectSenha.service.SenhaServiceTest]: SenhaServiceTest does not declare any static, non-private, non-final, nested classes annotated with @Configuration.
17:01:34.245 [Test worker] DEBUG org.springframework.test.context.support.ActiveProfilesUtils - Could not find an 'annotation declaring class' for annotation type [org.springframework.test.context.ActiveProfiles] and class [com.example.projectSenha.service.SenhaServiceTest]
17:01:34.308 [Test worker] DEBUG org.springframework.context.annotation.ClassPathScanningCandidateComponentProvider - Identified candidate component class: file [/home/artur/dev/projectSenha/build/classes/java/main/com/example/projectSenha/ProjectSenhaApplication.class]
17:01:34.313 [Test worker] INFO org.springframework.boot.test.context.SpringBootTestContextBootstrapper - Found @SpringBootConfiguration com.example.projectSenha.ProjectSenhaApplication for test class com.example.projectSenha.service.SenhaServiceTest
17:01:34.448 [Test worker] DEBUG org.springframework.boot.test.context.SpringBootTestContextBootstrapper - @TestExecutionListeners is not present for class [com.example.projectSenha.service.SenhaServiceTest]: using defaults.
17:01:34.449 [Test worker] INFO org.springframework.boot.test.context.SpringBootTestContextBootstrapper - Loaded default TestExecutionListener class names from location [META-INF/spring.factories]: [org.springframework.boot.test.autoconfigure.restdocs.RestDocsTestExecutionListener, org.springframework.boot.test.autoconfigure.web.client.MockRestServiceServerResetTestExecutionListener, org.springframework.boot.test.autoconfigure.web.servlet.MockMvcPrintOnlyOnFailureTestExecutionListener, org.springframework.boot.test.autoconfigure.web.servlet.WebDriverTestExecutionListener, org.springframework.boot.test.autoconfigure.webservices.client.MockWebServiceServerTestExecutionListener, org.springframework.boot.test.mock.mockito.MockitoTestExecutionListener, org.springframework.boot.test.mock.mockito.ResetMocksTestExecutionListener, org.springframework.test.context.web.ServletTestExecutionListener, org.springframework.test.context.support.DirtiesContextBeforeModesTestExecutionListener, org.springframework.test.context.event.ApplicationEventsTestExecutionListener, org.springframework.test.context.support.DependencyInjectionTestExecutionListener, org.springframework.test.context.support.DirtiesContextTestExecutionListener, org.springframework.test.context.transaction.TransactionalTestExecutionListener, org.springframework.test.context.jdbc.SqlScriptsTestExecutionListener, org.springframework.test.context.event.EventPublishingTestExecutionListener]
17:01:34.460 [Test worker] DEBUG org.springframework.boot.test.context.SpringBootTestContextBootstrapper - Skipping candidate TestExecutionListener [org.springframework.test.context.transaction.TransactionalTestExecutionListener] due to a missing dependency. Specify custom listener classes or make the default listener classes and their required dependencies available. Offending class: [org/springframework/transaction/interceptor/TransactionAttributeSource]
17:01:34.462 [Test worker] DEBUG org.springframework.boot.test.context.SpringBootTestContextBootstrapper - Skipping candidate TestExecutionListener [org.springframework.test.context.jdbc.SqlScriptsTestExecutionListener] due to a missing dependency. Specify custom listener classes or make the default listener classes and their required dependencies available. Offending class: [org/springframework/transaction/interceptor/TransactionAttribute]
17:01:34.463 [Test worker] INFO org.springframework.boot.test.context.SpringBootTestContextBootstrapper - Using TestExecutionListeners: [org.springframework.test.context.web.ServletTestExecutionListener@e077866, org.springframework.test.context.support.DirtiesContextBeforeModesTestExecutionListener@ed3068a, org.springframework.test.context.event.ApplicationEventsTestExecutionListener@7c2b6087, org.springframework.boot.test.mock.mockito.MockitoTestExecutionListener@3fffff43, org.springframework.boot.test.autoconfigure.SpringBootDependencyInjectionTestExecutionListener@a8e6492, org.springframework.test.context.support.DirtiesContextTestExecutionListener@1c7fd41f, org.springframework.test.context.event.EventPublishingTestExecutionListener@3b77a04f, org.springframework.boot.test.autoconfigure.restdocs.RestDocsTestExecutionListener@7b324585, org.springframework.boot.test.autoconfigure.web.client.MockRestServiceServerResetTestExecutionListener@2e11485, org.springframework.boot.test.autoconfigure.web.servlet.MockMvcPrintOnlyOnFailureTestExecutionListener@60dce7ea, org.springframework.boot.test.autoconfigure.web.servlet.WebDriverTestExecutionListener@662f5666, org.springframework.boot.test.autoconfigure.webservices.client.MockWebServiceServerTestExecutionListener@fd8294b, org.springframework.boot.test.mock.mockito.ResetMocksTestExecutionListener@5974109]
17:01:34.467 [Test worker] DEBUG org.springframework.test.context.support.AbstractDirtiesContextTestExecutionListener - Before test class: context [DefaultTestContext@f73dcd6 testClass = SenhaServiceTest, testInstance = [null], testMethod = [null], testException = [null], mergedContextConfiguration = [WebMergedContextConfiguration@5c87bfe2 testClass = SenhaServiceTest, locations = '{}', classes = '{class com.example.projectSenha.ProjectSenhaApplication}', contextInitializerClasses = '[]', activeProfiles = '{}', propertySourceLocations = '{}', propertySourceProperties = '{org.springframework.boot.test.context.SpringBootTestContextBootstrapper=true}', contextCustomizers = set[org.springframework.boot.test.autoconfigure.actuate.metrics.MetricsExportContextCustomizerFactory$DisableMetricExportContextCustomizer@20ca951f, org.springframework.boot.test.autoconfigure.properties.PropertyMappingContextCustomizer@0, org.springframework.boot.test.autoconfigure.web.servlet.WebDriverContextCustomizerFactory$Customizer@181e731e, org.springframework.boot.test.context.filter.ExcludeFilterContextCustomizer@17d88132, org.springframework.boot.test.json.DuplicateJsonObjectContextCustomizerFactory$DuplicateJsonObjectContextCustomizer@36b4091c, org.springframework.boot.test.mock.mockito.MockitoContextCustomizer@0, org.springframework.boot.test.web.client.TestRestTemplateContextCustomizer@74bf1791, org.springframework.boot.test.context.SpringBootTestArgs@1, org.springframework.boot.test.context.SpringBootTestWebEnvironment@65d09a04], resourceBasePath = 'src/main/webapp', contextLoader = 'org.springframework.boot.test.context.SpringBootContextLoader', parent = [null]], attributes = map['org.springframework.test.context.web.ServletTestExecutionListener.activateListener' -> true]], class annotated with @DirtiesContext [false] with mode [null].

  .   ____          _            __ _ _
 /\\ / ___'_ __ _ _(_)_ __  __ _ \ \ \ \
( ( )\___ | '_ | '_| | '_ \/ _` | \ \ \ \
 \\/  ___)| |_)| | | | | || (_| |  ) ) ) )
  '  |____| .__|_| |_|_| |_\__, | / / / /
 =========|_|==============|___/=/_/_/_/
 :: Spring Boot ::                (v2.7.8)

2023-01-30 17:01:34.944  INFO 15920 --- [    Test worker] c.e.p.service.SenhaServiceTest           : Starting SenhaServiceTest using Java 19.0.2 on virtual with PID 15920 (started by artur in /home/artur/dev/projectSenha)
2023-01-30 17:01:34.945  INFO 15920 --- [    Test worker] c.e.p.service.SenhaServiceTest           : No active profile set, falling back to 1 default profile: "default"
2023-01-30 17:01:36.662  INFO 15920 --- [    Test worker] pertySourcedRequestMappingHandlerMapping : Mapped URL path [/v2/api-docs] onto method [springfox.documentation.swagger2.web.Swagger2Controller#getDocumentation(String, HttpServletRequest)]
2023-01-30 17:01:37.090  INFO 15920 --- [    Test worker] d.s.w.p.DocumentationPluginsBootstrapper : Context refreshed
2023-01-30 17:01:37.104  INFO 15920 --- [    Test worker] d.s.w.p.DocumentationPluginsBootstrapper : Found 1 custom documentation plugin(s)
2023-01-30 17:01:37.130  INFO 15920 --- [    Test worker] s.d.s.w.s.ApiListingReferenceScanner     : Scanning for api listing references
2023-01-30 17:01:37.194  INFO 15920 --- [    Test worker] c.e.p.service.SenhaServiceTest           : Started SenhaServiceTest in 2.667 seconds (JVM running for 3.993)
]]></system-out>
  <system-err><![CDATA[]]></system-err>
</testsuite>
